Traceback (most recent call last):
  File "D:\OpiComTech\Projects\madrasti2\backend\manage.py", line 22, in <module>
    main()
  File "D:\OpiComTech\Projects\madrasti2\backend\manage.py", line 18, in main
    execute_from_command_line(sys.argv)
  File "D:\OpiComTech\Projects\madrasti2\backend\venv\Lib\site-packages\django\core\management\__init__.py", line 442, in execute_from_command_line
    utility.execute()
  File "D:\OpiComTech\Projects\madrasti2\backend\venv\Lib\site-packages\django\core\management\__init__.py", line 436, in execute
    self.fetch_command(subcommand).run_from_argv(self.argv)
  File "D:\OpiComTech\Projects\madrasti2\backend\venv\Lib\site-packages\django\core\management\base.py", line 416, in run_from_argv
    self.execute(*args, **cmd_options)
  File "D:\OpiComTech\Projects\madrasti2\backend\venv\Lib\site-packages\django\core\management\base.py", line 460, in execute
    output = self.handle(*args, **options)
             ^^^^^^^^^^^^^^^^^^^^^^^^^^^^^
  File "D:\OpiComTech\Projects\madrasti2\backend\venv\Lib\site-packages\django\core\management\base.py", line 107, in wrapper
    res = handle_func(*args, **kwargs)
          ^^^^^^^^^^^^^^^^^^^^^^^^^^^^
  File "D:\OpiComTech\Projects\madrasti2\backend\venv\Lib\site-packages\django\core\management\commands\migrate.py", line 117, in handle
    executor.loader.check_consistent_history(connection)
  File "D:\OpiComTech\Projects\madrasti2\backend\venv\Lib\site-packages\django\db\migrations\loader.py", line 327, in check_consistent_history
    raise InconsistentMigrationHistory(
django.db.migrations.exceptions.InconsistentMigrationHistory: Migration finance.0003_migrate_historical_financial_data is applied before its dependency schools.0011_gasoilrecord_payment_method on database 'default'.
